<?xml version="1.0" encoding="UTF-8"?>
<!-- Generated by org.testng.reporters.JUnitXMLReporter -->
<testsuite hostname="LAPTOP-7N50JD64" name="Test" tests="4" failures="0" timestamp="3 Nov 2021 09:33:07 GMT" time="10.188" errors="0">
  <testcase name="Login" time="5.039" classname="TestCases.LoginTestCase"/>
  <testcase name="HomePageAdminOperation" time="2.008" classname="TestCases.HomeTestCase"/>
  <testcase name="Adduser" time="0.956" classname="TestCases.systemUserTest"/>
  <testcase name="registerUser" time="0.0" classname="TestCases.newUserTestCase">
    <skipped/>
  </testcase> <!-- registerUser -->
</testsuite> <!-- Test -->
